<?xml version="1.0" encoding="UTF-8"?>
<testsuite xmlns:xsi="http://www.w3.org/2001/XMLSchema-instance" xsi:schemaLocation="https://maven.apache.org/surefire/maven-surefire-plugin/xsd/surefire-test-report.xsd" name="lazarus.RunCucumberTest" time="3.307" tests="4" errors="4" skipped="0" failures="0">
  <properties>
    <property name="java.runtime.name" value="OpenJDK Runtime Environment"/>
    <property name="cucumber.options" value="--tags @CareerTi8mPageSearch"/>
    <property name="java.vm.version" value="19.0.1"/>
    <property name="sun.boot.library.path" value="/usr/local/Cellar/openjdk/19.0.1/libexec/openjdk.jdk/Contents/Home/lib"/>
    <property name="maven.multiModuleProjectDirectory" value="/Users/alex/Desktop/github/lazarus"/>
    <property name="java.vm.vendor" value="Homebrew"/>
    <property name="java.vendor.url" value="https://github.com/Homebrew/homebrew-core/issues"/>
    <property name="guice.disable.misplaced.annotation.check" value="true"/>
    <property name="path.separator" value=":"/>
    <property name="java.vm.name" value="OpenJDK 64-Bit Server VM"/>
    <property name="user.country" value="DE"/>
    <property name="sun.java.launcher" value="SUN_STANDARD"/>
    <property name="java.vm.specification.name" value="Java Virtual Machine Specification"/>
    <property name="user.dir" value="/Users/alex/Desktop/github/lazarus"/>
    <property name="java.vm.compressedOopsMode" value="Zero based"/>
    <property name="java.runtime.version" value="19.0.1"/>
    <property name="os.arch" value="x86_64"/>
    <property name="java.io.tmpdir" value="/var/folders/l_/nfxyg20x0qzg0rc2140w_68c0000gn/T/"/>
    <property name="line.separator" value="&#10;"/>
    <property name="java.vm.specification.vendor" value="Oracle Corporation"/>
    <property name="stderr.encoding" value="US-ASCII"/>
    <property name="os.name" value="Mac OS X"/>
    <property name="classworlds.conf" value="/usr/local/Cellar/maven/3.8.7/libexec/bin/m2.conf"/>
    <property name="sun.jnu.encoding" value="UTF-8"/>
    <property name="stdout.encoding" value="US-ASCII"/>
    <property name="java.library.path" value="/Users/alex/Library/Java/Extensions:/Library/Java/Extensions:/Network/Library/Java/Extensions:/System/Library/Java/Extensions:/usr/lib/java:."/>
    <property name="maven.conf" value="/usr/local/Cellar/maven/3.8.7/libexec/conf"/>
    <property name="jdk.debug" value="release"/>
    <property name="java.class.version" value="63.0"/>
    <property name="java.specification.name" value="Java Platform API Specification"/>
    <property name="sun.management.compiler" value="HotSpot 64-Bit Tiered Compilers"/>
    <property name="os.version" value="13.1"/>
    <property name="library.jansi.path" value="/usr/local/Cellar/maven/3.8.7/libexec/lib/jansi-native"/>
    <property name="user.home" value="/Users/alex"/>
    <property name="user.timezone" value="Europe/Berlin"/>
    <property name="file.encoding" value="UTF-8"/>
    <property name="java.specification.version" value="19"/>
    <property name="user.name" value="alex"/>
    <property name="java.class.path" value="/usr/local/Cellar/maven/3.8.7/libexec/boot/plexus-classworlds-2.6.0.jar"/>
    <property name="java.vm.specification.version" value="19"/>
    <property name="sun.arch.data.model" value="64"/>
    <property name="sun.java.command" value="org.codehaus.plexus.classworlds.launcher.Launcher test -D cucumber.options=--tags @CareerTi8mPageSearch"/>
    <property name="java.home" value="/usr/local/Cellar/openjdk/19.0.1/libexec/openjdk.jdk/Contents/Home"/>
    <property name="apple.awt.application.name" value="Launcher"/>
    <property name="user.language" value="en"/>
    <property name="java.specification.vendor" value="Oracle Corporation"/>
    <property name="java.vm.info" value="mixed mode, sharing"/>
    <property name="java.version" value="19.0.1"/>
    <property name="native.encoding" value="US-ASCII"/>
    <property name="java.vendor" value="Homebrew"/>
    <property name="maven.home" value="/usr/local/Cellar/maven/3.8.7/libexec"/>
    <property name="file.separator" value="/"/>
    <property name="java.version.date" value="2022-10-18"/>
    <property name="java.vendor.url.bug" value="https://github.com/Homebrew/homebrew-core/issues"/>
    <property name="sun.io.unicode.encoding" value="UnicodeBig"/>
    <property name="sun.cpu.endian" value="little"/>
    <property name="java.vendor.version" value="Homebrew"/>
  </properties>
  <testcase name="Test web site" classname="Testing Vacancies of the given page." time="1.946">
    <error message="Error forwarding the new session Empty pool of VM for setup Capabilities {browserName: chrome, goog:chromeOptions: {args: [test-type, --js-flags=--expose-gc, --enable-precise-memory-info, --disable-popup-blocking, --disable-default-apps, test-type=browser, --disable-notifications, window-size=1900,1084, start-maximized, --disable-infobars, --ignore-ssl-errors=yes, --ignore-certificate-errors], extensions: []}}&#10;Command duration or timeout: 328 milliseconds" type="org.openqa.selenium.WebDriverException">org.openqa.selenium.WebDriverException: 
Error forwarding the new session Empty pool of VM for setup Capabilities {browserName: chrome, goog:chromeOptions: {args: [test-type, --js-flags=--expose-gc, --enable-precise-memory-info, --disable-popup-blocking, --disable-default-apps, test-type=browser, --disable-notifications, window-size=1900,1084, start-maximized, --disable-infobars, --ignore-ssl-errors=yes, --ignore-certificate-errors], extensions: []}}
Command duration or timeout: 328 milliseconds
Caused by: org.openqa.selenium.WebDriverException: 
Error forwarding the new session Empty pool of VM for setup Capabilities {browserName: chrome, goog:chromeOptions: {args: [test-type, --js-flags=--expose-gc, --enable-precise-memory-info, --disable-popup-blocking, --disable-default-apps, test-type=browser, --disable-notifications, window-size=1900,1084, start-maximized, --disable-infobars, --ignore-ssl-errors=yes, --ignore-certificate-errors], extensions: []}}
Build info: version: '3.141.59', revision: 'e82be7d358', time: '2018-11-14T08:17:03'
System info: host: 'ZPRO-AlexanderW', ip: '10.205.161.178', os.name: 'Mac OS X', os.arch: 'x86_64', os.version: '13.1', java.version: '19.0.1'
Driver info: driver.version: unknown
</error>
    <system-out><![CDATA[2023-01-19 16:48:16 INFO  StepHelper:74 - ############ Opening a browser Chrome ############
2023-01-19 16:48:17 INFO  StepHelper:39 - ⛔ ############################## ⛔ 
2023-01-19 16:48:17 INFO  StepHelper:40 - Starting to finish the execution
2023-01-19 16:48:17 INFO  StepHelper:41 - ⛔ ############################## ⛔ 
2023-01-19 16:48:17 INFO  StepHelper:42 - Test completed starting closing the driver
2023-01-19 16:48:17 INFO  StepHelper:59 - Test completed.
]]></system-out>
    <system-err><![CDATA[Jan 19, 2023 4:48:15 PM io.cucumber.core.options.CucumberPropertiesParser parse
WARNING: Passing commandline options via the property `cucumber.options` has been deprecatedin favour of explicitly using property names.
Please use these instead: [cucumber.ansi-colors.disabled, cucumber.execution.dry-run, cucumber.execution.limit, cucumber.execution.order, cucumber.execution.strict, cucumber.execution.wip, cucumber.features, cucumber.filter.name, cucumber.filter.tags, cucumber.glue, cucumber.object-factory, cucumber.plugin, cucumber.snippet-type]
Jan 19, 2023 4:48:15 PM io.cucumber.core.options.CucumberPropertiesParser parse
WARNING: Passing commandline options via the property `cucumber.options` has been deprecatedin favour of explicitly using property names.
Please use these instead: [cucumber.ansi-colors.disabled, cucumber.execution.dry-run, cucumber.execution.limit, cucumber.execution.order, cucumber.execution.strict, cucumber.execution.wip, cucumber.features, cucumber.filter.name, cucumber.filter.tags, cucumber.glue, cucumber.object-factory, cucumber.plugin, cucumber.snippet-type]
]]></system-err>
  </testcase>
  <testcase name="Test web site" classname="Testing Vacancies of the given page." time="1.947">
    <error message="Cannot invoke &quot;org.openqa.selenium.TakesScreenshot.getScreenshotAs(org.openqa.selenium.OutputType)&quot; because &quot;lazarus.steps.StepDefinitions.driver&quot; is null" type="java.lang.NullPointerException">java.lang.NullPointerException: Cannot invoke "org.openqa.selenium.TakesScreenshot.getScreenshotAs(org.openqa.selenium.OutputType)" because "lazarus.steps.StepDefinitions.driver" is null
</error>
  </testcase>
  <testcase name="Test web site" classname="Testing Vacancies of the given page." time="1.078">
    <error message="Error forwarding the new session Empty pool of VM for setup Capabilities {browserName: chrome, goog:chromeOptions: {args: [test-type, --js-flags=--expose-gc, --enable-precise-memory-info, --disable-popup-blocking, --disable-default-apps, test-type=browser, --disable-notifications, window-size=1900,1084, start-maximized, --disable-infobars, --ignore-ssl-errors=yes, --ignore-certificate-errors], extensions: []}}&#10;Command duration or timeout: 36 milliseconds" type="org.openqa.selenium.WebDriverException">org.openqa.selenium.WebDriverException: 
Error forwarding the new session Empty pool of VM for setup Capabilities {browserName: chrome, goog:chromeOptions: {args: [test-type, --js-flags=--expose-gc, --enable-precise-memory-info, --disable-popup-blocking, --disable-default-apps, test-type=browser, --disable-notifications, window-size=1900,1084, start-maximized, --disable-infobars, --ignore-ssl-errors=yes, --ignore-certificate-errors], extensions: []}}
Command duration or timeout: 36 milliseconds
Caused by: org.openqa.selenium.WebDriverException: 
Error forwarding the new session Empty pool of VM for setup Capabilities {browserName: chrome, goog:chromeOptions: {args: [test-type, --js-flags=--expose-gc, --enable-precise-memory-info, --disable-popup-blocking, --disable-default-apps, test-type=browser, --disable-notifications, window-size=1900,1084, start-maximized, --disable-infobars, --ignore-ssl-errors=yes, --ignore-certificate-errors], extensions: []}}
Build info: version: '3.141.59', revision: 'e82be7d358', time: '2018-11-14T08:17:03'
System info: host: 'ZPRO-AlexanderW', ip: '10.205.161.178', os.name: 'Mac OS X', os.arch: 'x86_64', os.version: '13.1', java.version: '19.0.1'
Driver info: driver.version: unknown
</error>
    <system-out><![CDATA[2023-01-19 16:48:17 INFO  StepHelper:74 - ############ Opening a browser Chrome ############
2023-01-19 16:48:18 INFO  StepHelper:39 - ⛔ ############################## ⛔ 
2023-01-19 16:48:18 INFO  StepHelper:40 - Starting to finish the execution
2023-01-19 16:48:18 INFO  StepHelper:41 - ⛔ ############################## ⛔ 
2023-01-19 16:48:18 INFO  StepHelper:42 - Test completed starting closing the driver
2023-01-19 16:48:18 INFO  StepHelper:59 - Test completed.
]]></system-out>
  </testcase>
  <testcase name="Test web site" classname="Testing Vacancies of the given page." time="1.078">
    <error message="Cannot invoke &quot;org.openqa.selenium.TakesScreenshot.getScreenshotAs(org.openqa.selenium.OutputType)&quot; because &quot;lazarus.steps.StepDefinitions.driver&quot; is null" type="java.lang.NullPointerException">java.lang.NullPointerException: Cannot invoke "org.openqa.selenium.TakesScreenshot.getScreenshotAs(org.openqa.selenium.OutputType)" because "lazarus.steps.StepDefinitions.driver" is null
</error>
  </testcase>
</testsuite>